<?xml version="1.0" encoding="UTF-8"?><testrun name="GameTest" project="Qwirkle" tests="6" started="6" failures="0" errors="1" ignored="0">
  <testsuite name="tests.GameTest" time="0.015">
    <testcase name="testNextPlayer" classname="tests.GameTest" time="0.002"/>
    <testcase name="testDetermineInitialPlayer" classname="tests.GameTest" time="0.007">
      <error>java.lang.IndexOutOfBoundsException: Index: 0, Size: 0&#13;
	at java.util.ArrayList.rangeCheck(Unknown Source)&#13;
	at java.util.ArrayList.get(Unknown Source)&#13;
	at models.Game.giveRandomTile(Game.java:140)&#13;
	at models.Game.setHand(Game.java:154)&#13;
	at tests.GameTest.testDetermineInitialPlayer(GameTest.java:141)&#13;
	at sun.reflect.NativeMethodAccessorImpl.invoke0(Native Method)&#13;
	at sun.reflect.NativeMethodAccessorImpl.invoke(Unknown Source)&#13;
	at sun.reflect.DelegatingMethodAccessorImpl.invoke(Unknown Source)&#13;
	at java.lang.reflect.Method.invoke(Unknown Source)&#13;
	at org.junit.runners.model.FrameworkMethod$1.runReflectiveCall(FrameworkMethod.java:50)&#13;
	at org.junit.internal.runners.model.ReflectiveCallable.run(ReflectiveCallable.java:12)&#13;
	at org.junit.runners.model.FrameworkMethod.invokeExplosively(FrameworkMethod.java:47)&#13;
	at org.junit.internal.runners.statements.InvokeMethod.evaluate(InvokeMethod.java:17)&#13;
	at org.junit.internal.runners.statements.RunBefores.evaluate(RunBefores.java:26)&#13;
	at org.junit.runners.ParentRunner.runLeaf(ParentRunner.java:325)&#13;
	at org.junit.runners.BlockJUnit4ClassRunner.runChild(BlockJUnit4ClassRunner.java:78)&#13;
	at org.junit.runners.BlockJUnit4ClassRunner.runChild(BlockJUnit4ClassRunner.java:57)&#13;
	at org.junit.runners.ParentRunner$3.run(ParentRunner.java:290)&#13;
	at org.junit.runners.ParentRunner$1.schedule(ParentRunner.java:71)&#13;
	at org.junit.runners.ParentRunner.runChildren(ParentRunner.java:288)&#13;
	at org.junit.runners.ParentRunner.access$000(ParentRunner.java:58)&#13;
	at org.junit.runners.ParentRunner$2.evaluate(ParentRunner.java:268)&#13;
	at org.junit.runners.ParentRunner.run(ParentRunner.java:363)&#13;
	at org.eclipse.jdt.internal.junit4.runner.JUnit4TestReference.run(JUnit4TestReference.java:86)&#13;
	at org.eclipse.jdt.internal.junit.runner.TestExecution.run(TestExecution.java:38)&#13;
	at org.eclipse.jdt.internal.junit.runner.RemoteTestRunner.runTests(RemoteTestRunner.java:459)&#13;
	at org.eclipse.jdt.internal.junit.runner.RemoteTestRunner.runTests(RemoteTestRunner.java:675)&#13;
	at org.eclipse.jdt.internal.junit.runner.RemoteTestRunner.run(RemoteTestRunner.java:382)&#13;
	at org.eclipse.jdt.internal.junit.runner.RemoteTestRunner.main(RemoteTestRunner.java:192)&#13;
&#13;
</error>
    </testcase>
    <testcase name="testAddPlayer" classname="tests.GameTest" time="0.002"/>
    <testcase name="testGiveRandomTile" classname="tests.GameTest" time="0.001"/>
    <testcase name="testReplaceTiles" classname="tests.GameTest" time="0.002"/>
    <testcase name="testSetHand" classname="tests.GameTest" time="0.001"/>
  </testsuite>
</testrun>
