<?xml version="1.0" encoding="UTF-8"?><testrun name="GameTest" project="Qwirkle" tests="5" started="5" failures="1" errors="0" ignored="0">
  <testsuite name="tests.GameTest" time="0.012">
    <testcase name="testNextPlayer" classname="tests.GameTest" time="0.001"/>
    <testcase name="testAddPlayer" classname="tests.GameTest" time="0.002"/>
    <testcase name="testGiveRandomTile" classname="tests.GameTest" time="0.002"/>
    <testcase name="testReplaceTiles" classname="tests.GameTest" time="0.002"/>
    <testcase name="testSetHand" classname="tests.GameTest" time="0.005">
      <failure>java.lang.AssertionError: Values should be different. Actual: [models.Tile@2077d4de, models.Tile@7591083d, models.Tile@77a567e1, models.Tile@736e9adb, models.Tile@6d21714c, models.Tile@108c4c35]&#13;
	at org.junit.Assert.fail(Assert.java:88)&#13;
	at org.junit.Assert.failEquals(Assert.java:185)&#13;
	at org.junit.Assert.assertNotEquals(Assert.java:161)&#13;
	at org.junit.Assert.assertNotEquals(Assert.java:175)&#13;
	at tests.GameTest.testSetHand(GameTest.java:84)&#13;
	at sun.reflect.NativeMethodAccessorImpl.invoke0(Native Method)&#13;
	at sun.reflect.NativeMethodAccessorImpl.invoke(Unknown Source)&#13;
	at sun.reflect.DelegatingMethodAccessorImpl.invoke(Unknown Source)&#13;
	at java.lang.reflect.Method.invoke(Unknown Source)&#13;
	at org.junit.runners.model.FrameworkMethod$1.runReflectiveCall(FrameworkMethod.java:50)&#13;
	at org.junit.internal.runners.model.ReflectiveCallable.run(ReflectiveCallable.java:12)&#13;
	at org.junit.runners.model.FrameworkMethod.invokeExplosively(FrameworkMethod.java:47)&#13;
	at org.junit.internal.runners.statements.InvokeMethod.evaluate(InvokeMethod.java:17)&#13;
	at org.junit.internal.runners.statements.RunBefores.evaluate(RunBefores.java:26)&#13;
	at org.junit.runners.ParentRunner.runLeaf(ParentRunner.java:325)&#13;
	at org.junit.runners.BlockJUnit4ClassRunner.runChild(BlockJUnit4ClassRunner.java:78)&#13;
	at org.junit.runners.BlockJUnit4ClassRunner.runChild(BlockJUnit4ClassRunner.java:57)&#13;
	at org.junit.runners.ParentRunner$3.run(ParentRunner.java:290)&#13;
	at org.junit.runners.ParentRunner$1.schedule(ParentRunner.java:71)&#13;
	at org.junit.runners.ParentRunner.runChildren(ParentRunner.java:288)&#13;
	at org.junit.runners.ParentRunner.access$000(ParentRunner.java:58)&#13;
	at org.junit.runners.ParentRunner$2.evaluate(ParentRunner.java:268)&#13;
	at org.junit.runners.ParentRunner.run(ParentRunner.java:363)&#13;
	at org.eclipse.jdt.internal.junit4.runner.JUnit4TestReference.run(JUnit4TestReference.java:86)&#13;
	at org.eclipse.jdt.internal.junit.runner.TestExecution.run(TestExecution.java:38)&#13;
	at org.eclipse.jdt.internal.junit.runner.RemoteTestRunner.runTests(RemoteTestRunner.java:459)&#13;
	at org.eclipse.jdt.internal.junit.runner.RemoteTestRunner.runTests(RemoteTestRunner.java:675)&#13;
	at org.eclipse.jdt.internal.junit.runner.RemoteTestRunner.run(RemoteTestRunner.java:382)&#13;
	at org.eclipse.jdt.internal.junit.runner.RemoteTestRunner.main(RemoteTestRunner.java:192)&#13;
&#13;
</failure>
    </testcase>
  </testsuite>
</testrun>
